<?xml version="1.0" encoding="UTF-8"?>
<testsuite name="TestDataClasses" tests="1" skipped="0" failures="0" errors="0" timestamp="2019-04-30T13:23:34" hostname="M-C02VDHUAHTD6.local" time="0.019">
  <properties/>
  <testcase name="testListOfPeople" classname="TestDataClasses" time="0.019"/>
  <system-out><![CDATA[]]></system-out>
  <system-err><![CDATA[]]></system-err>
</testsuite>
